Using pre-set license
Built from '2020.3/staging' branch; Version is '2020.3.16f1 (049d6eca3c44) revision 302446'; Using compiler version '192528614'; Build Type 'Release'
OS: 'Windows 10 Home; OS build 19042.1237; Version 2009; 64bit' Language: 'en' Physical Memory: 32513 MB
BatchMode: 1, IsHumanControllingUs: 0, StartBugReporterOnCrash: 0, Is64bit: 1, IsPro: 0

 COMMAND LINE ARGUMENTS:
C:\Program Files\Unity\Hub\Editor\2020.3.16f1\Editor\Unity.exe
-adb2
-batchMode
-noUpm
-name
AssetImportWorker0
-projectPath
C:/Laptop2/Uni/7.Semester/Net-lugg-lo/Net lugg lo
-logFile
Logs/AssetImportWorker0.log
-srvPort
64476
Successfully changed project path to: C:/Laptop2/Uni/7.Semester/Net-lugg-lo/Net lugg lo
C:/Laptop2/Uni/7.Semester/Net-lugg-lo/Net lugg lo
Using Asset Import Pipeline V2.
Refreshing native plugins compatible for Editor in 43.89 ms, found 3 plugins.
Preloading 0 native plugins for Editor in 0.00 ms.
Initialize engine version: 2020.3.16f1 (049d6eca3c44)
[Subsystems] Discovering subsystems at path C:/Program Files/Unity/Hub/Editor/2020.3.16f1/Editor/Data/Resources/UnitySubsystems
[Subsystems] Discovering subsystems at path C:/Laptop2/Uni/7.Semester/Net-lugg-lo/Net lugg lo/Assets
GfxDevice: creating device client; threaded=0
Direct3D:
    Version:  Direct3D 11.0 [level 11.1]
    Renderer: NVIDIA GeForce GTX 1650 Ti (ID=0x1f95)
    Vendor:   
    VRAM:     3964 MB
    Driver:   27.21.14.6231
Initialize mono
Mono path[0] = 'C:/Program Files/Unity/Hub/Editor/2020.3.16f1/Editor/Data/Managed'
Mono path[1] = 'C:/Program Files/Unity/Hub/Editor/2020.3.16f1/Editor/Data/MonoBleedingEdge/lib/mono/unityjit'
Mono config path = 'C:/Program Files/Unity/Hub/Editor/2020.3.16f1/Editor/Data/MonoBleedingEdge/etc'
Using monoOptions --debugger-agent=transport=dt_socket,embedding=1,server=y,suspend=n,address=127.0.0.1:56096
Begin MonoManager ReloadAssembly
Registering precompiled unity dll's ...
Register platform support module: C:/Program Files/Unity/Hub/Editor/2020.3.16f1/Editor/Data/PlaybackEngines/WindowsStandaloneSupport/UnityEditor.WindowsStandalone.Extensions.dll
Registered in 0.001379 seconds.
Native extension for WindowsStandalone target not found
Refreshing native plugins compatible for Editor in 37.33 ms, found 3 plugins.
Preloading 0 native plugins for Editor in 0.00 ms.
Mono: successfully reloaded assembly
- Completed reload, in  1.095 seconds
Domain Reload Profiling:
	ReloadAssembly (1095ms)
		BeginReloadAssembly (65ms)
			ExecutionOrderSort (0ms)
			DisableScriptedObjects (0ms)
			BackupInstance (0ms)
			ReleaseScriptingObjects (0ms)
			CreateAndSetChildDomain (1ms)
		EndReloadAssembly (394ms)
			LoadAssemblies (61ms)
			RebuildTransferFunctionScriptingTraits (0ms)
			SetupTypeCache (133ms)
			ReleaseScriptCaches (0ms)
			RebuildScriptCaches (32ms)
			SetupLoadedEditorAssemblies (167ms)
				LogAssemblyErrors (0ms)
				InitializePlatformSupportModulesInManaged (3ms)
				SetLoadedEditorAssemblies (0ms)
				RefreshPlugins (37ms)
				BeforeProcessingInitializeOnLoad (13ms)
				ProcessInitializeOnLoadAttributes (85ms)
				ProcessInitializeOnLoadMethodAttributes (28ms)
				AfterProcessingInitializeOnLoad (0ms)
				EditorAssembliesLoaded (0ms)
			ExecutionOrderSort2 (0ms)
			AwakeInstancesAfterBackupRestoration (0ms)
Platform modules already initialized, skipping
Registering precompiled user dll's ...
Registered in 0.003147 seconds.
Begin MonoManager ReloadAssembly
Native extension for WindowsStandalone target not found
Refreshing native plugins compatible for Editor in 37.64 ms, found 3 plugins.
Preloading 0 native plugins for Editor in 0.00 ms.
Mono: successfully reloaded assembly
- Completed reload, in  1.169 seconds
Domain Reload Profiling:
	ReloadAssembly (1169ms)
		BeginReloadAssembly (149ms)
			ExecutionOrderSort (0ms)
			DisableScriptedObjects (4ms)
			BackupInstance (0ms)
			ReleaseScriptingObjects (0ms)
			CreateAndSetChildDomain (24ms)
		EndReloadAssembly (963ms)
			LoadAssemblies (83ms)
			RebuildTransferFunctionScriptingTraits (0ms)
			SetupTypeCache (301ms)
			ReleaseScriptCaches (0ms)
			RebuildScriptCaches (51ms)
			SetupLoadedEditorAssemblies (401ms)
				LogAssemblyErrors (0ms)
				InitializePlatformSupportModulesInManaged (4ms)
				SetLoadedEditorAssemblies (0ms)
				RefreshPlugins (38ms)
				BeforeProcessingInitializeOnLoad (77ms)
				ProcessInitializeOnLoadAttributes (264ms)
				ProcessInitializeOnLoadMethodAttributes (13ms)
				AfterProcessingInitializeOnLoad (5ms)
				EditorAssembliesLoaded (0ms)
			ExecutionOrderSort2 (0ms)
			AwakeInstancesAfterBackupRestoration (7ms)
Platform modules already initialized, skipping
========================================================================
Worker process is ready to serve import requests
Launched and connected shader compiler UnityShaderCompiler.exe after 0.07 seconds
Refreshing native plugins compatible for Editor in 0.75 ms, found 3 plugins.
Preloading 0 native plugins for Editor in 0.00 ms.
Unloading 2091 Unused Serialized files (Serialized files now loaded: 0)
System memory in use before: 93.0 MB.
System memory in use after: 93.1 MB.

Unloading 28 unused Assets to reduce memory usage. Loaded Objects now: 2528.
Total: 2.893600 ms (FindLiveObjects: 0.242600 ms CreateObjectMapping: 0.131000 ms MarkObjects: 2.456300 ms  DeleteObjects: 0.062100 ms)

AssetImportParameters requested are different than current active one (requested -> active):
  custom:framework-win-MediaFoundation: 216162199b28c13a410421893ffa2e32 -> 
  custom:video-decoder-ogg-theora: a1e56fd34408186e4bbccfd4996cb3dc -> 
  custom:container-muxer-webm: aa71ff27fc2769a1b78a27578f13a17b -> 
  custom:container-demuxer-webm: 4f35f7cbe854078d1ac9338744f61a02 -> 
  custom:container-demuxer-ogg: 62fdf1f143b41e24485cea50d1cbac27 -> 
  custom:video-encoder-webm-vp8: eb34c28f22e8b96e1ab97ce403110664 -> 
  custom:video-codec-MediaFoundation-h265: 746d11721c4dcdbdad8f713fa42b33f4 -> 
  custom:video-decoder-webm-vp8: 9c59270c3fd7afecdb556c50c9e8de78 -> 
  custom:audio-decoder-ogg-vorbis: bf7c407c2cedff20999df2af8eb42d56 -> 
  custom:audio-encoder-webm-vorbis: bf7c407c2cedff20999df2af8eb42d56 -> 
========================================================================
Received Import Request.
  path: Assets
  artifactKey: Guid(00000000000000001000000000000000) Importer(815301076,1909f56bfc062723c751e8b465ee728b)
Start importing Assets using Guid(00000000000000001000000000000000) Importer(815301076,1909f56bfc062723c751e8b465ee728b)  -> (artifact id: '42d402b061de3733987d63b9cc3b64de') in 0.009240 seconds 
  Import took 0.013128 seconds .

========================================================================
Received Import Request.
  Time since last request: 2.559835 seconds.
  path: Assets/Sprites
  artifactKey: Guid(50254457d4067a64eb14acec8f37a5ad) Importer(815301076,1909f56bfc062723c751e8b465ee728b)
Start importing Assets/Sprites using Guid(50254457d4067a64eb14acec8f37a5ad) Importer(815301076,1909f56bfc062723c751e8b465ee728b)  -> (artifact id: '1b2a25a9aab3c2416b7f769de16f5e8b') in 0.006742 seconds 
  Import took 0.009822 seconds .

========================================================================
Received Import Request.
  Time since last request: 759.083862 seconds.
  path: Assets/Sprites/bombBody.png
  artifactKey: Guid(9bc42eb9bdf920847ac400071ca8bb85) Importer(815301076,1909f56bfc062723c751e8b465ee728b)
Start importing Assets/Sprites/bombBody.png using Guid(9bc42eb9bdf920847ac400071ca8bb85) Importer(815301076,1909f56bfc062723c751e8b465ee728b)  -> (artifact id: 'e67a0fceb88d80b5f440a5ea53681368') in 0.129512 seconds 
  Import took 0.133656 seconds .

========================================================================
Received Import Request.
  Time since last request: 0.000189 seconds.
  path: Assets/Sprites/ripcord.png
  artifactKey: Guid(009de0209d7a2714984a90e3f1da4e26) Importer(815301076,1909f56bfc062723c751e8b465ee728b)
Start importing Assets/Sprites/ripcord.png using Guid(009de0209d7a2714984a90e3f1da4e26) Importer(815301076,1909f56bfc062723c751e8b465ee728b)  -> (artifact id: 'b7fe9fd865d002a21e2f3be35e319da9') in 0.019998 seconds 
  Import took 0.023036 seconds .

========================================================================
Received Import Request.
  Time since last request: 0.000129 seconds.
  path: Assets/Sprites/needle.png
  artifactKey: Guid(b658fed4309924f4788dc022be2a4f9a) Importer(815301076,1909f56bfc062723c751e8b465ee728b)
Start importing Assets/Sprites/needle.png using Guid(b658fed4309924f4788dc022be2a4f9a) Importer(815301076,1909f56bfc062723c751e8b465ee728b)  -> (artifact id: '277d41497dd2d25784708ae90b050cb9') in 0.020662 seconds 
  Import took 0.023449 seconds .

========================================================================
Received Import Request.
  Time since last request: 3.607298 seconds.
  path: Assets/Sprites/orangeCable
  artifactKey: Guid(b4ee071410b8ca9468ca25367f1d87f1) Importer(815301076,1909f56bfc062723c751e8b465ee728b)
Start importing Assets/Sprites/orangeCable using Guid(b4ee071410b8ca9468ca25367f1d87f1) Importer(815301076,1909f56bfc062723c751e8b465ee728b)  -> (artifact id: '10a656c6c8975a743b0c788c3e96c102') in 0.007584 seconds 
  Import took 0.010736 seconds .

========================================================================
Received Import Request.
  Time since last request: 0.051341 seconds.
  path: Assets/Sprites/orangeCable/cableCut.png
  artifactKey: Guid(54cab62b1f3c2bc4c96da2433bf4ecbd) Importer(815301076,1909f56bfc062723c751e8b465ee728b)
Start importing Assets/Sprites/orangeCable/cableCut.png using Guid(54cab62b1f3c2bc4c96da2433bf4ecbd) Importer(815301076,1909f56bfc062723c751e8b465ee728b)  -> (artifact id: '5bef1bcfe0b48bf03bf712cac9ad8ae3') in 0.022559 seconds 
  Import took 0.025595 seconds .

========================================================================
Received Import Request.
  Time since last request: 0.000210 seconds.
  path: Assets/Sprites/orangeCable/cableGood.png
  artifactKey: Guid(e9ef575c369a1a54eb7ba71b07a8e857) Importer(815301076,1909f56bfc062723c751e8b465ee728b)
Start importing Assets/Sprites/orangeCable/cableGood.png using Guid(e9ef575c369a1a54eb7ba71b07a8e857) Importer(815301076,1909f56bfc062723c751e8b465ee728b)  -> (artifact id: '25e13c5d18c0f1bf05f8b408988897ee') in 0.026156 seconds 
  Import took 0.028908 seconds .

========================================================================
Received Import Request.
  Time since last request: 0.002682 seconds.
  path: Assets/Sprites/orangeCable/cableGood.png
  artifactKey: Guid(e9ef575c369a1a54eb7ba71b07a8e857) Importer(815301076,1909f56bfc062723c751e8b465ee728b)
Start importing Assets/Sprites/orangeCable/cableGood.png using Guid(e9ef575c369a1a54eb7ba71b07a8e857) Importer(815301076,1909f56bfc062723c751e8b465ee728b)  -> (artifact id: '25e13c5d18c0f1bf05f8b408988897ee') in 0.019906 seconds 
  Import took 0.024398 seconds .

========================================================================
Received Import Request.
  Time since last request: 10.334255 seconds.
  path: Assets/Sprites/orangeCable/orangeCableCut.png
  artifactKey: Guid(54cab62b1f3c2bc4c96da2433bf4ecbd) Importer(815301076,1909f56bfc062723c751e8b465ee728b)
Start importing Assets/Sprites/orangeCable/orangeCableCut.png using Guid(54cab62b1f3c2bc4c96da2433bf4ecbd) Importer(815301076,1909f56bfc062723c751e8b465ee728b)  -> (artifact id: '8d9bcf1a92a06aaf63a8ea47a8d018c2') in 0.026435 seconds 
  Import took 0.029733 seconds .

========================================================================
Received Import Request.
  Time since last request: 8.084008 seconds.
  path: Assets/Sprites/orangeCable/orangeCableGood.png
  artifactKey: Guid(e9ef575c369a1a54eb7ba71b07a8e857) Importer(815301076,1909f56bfc062723c751e8b465ee728b)
Start importing Assets/Sprites/orangeCable/orangeCableGood.png using Guid(e9ef575c369a1a54eb7ba71b07a8e857) Importer(815301076,1909f56bfc062723c751e8b465ee728b)  -> (artifact id: '10c280adb68d19c8c5ef485a83572191') in 0.033661 seconds 
  Import took 0.037717 seconds .

========================================================================
Received Import Request.
  Time since last request: 24.683316 seconds.
  path: Assets/Sprites/bellow
  artifactKey: Guid(4723db3c95a444c46a6fb948f365d2f0) Importer(815301076,1909f56bfc062723c751e8b465ee728b)
Start importing Assets/Sprites/bellow using Guid(4723db3c95a444c46a6fb948f365d2f0) Importer(815301076,1909f56bfc062723c751e8b465ee728b)  -> (artifact id: '501e560bed1f6da67782e0bb8f4e8312') in 0.005728 seconds 
  Import took 0.008767 seconds .

========================================================================
Received Import Request.
  Time since last request: 0.056334 seconds.
  path: Assets/Sprites/bellow/bellowOff.png
  artifactKey: Guid(b44f0aaa893bf3047816e30f52d1a684) Importer(815301076,1909f56bfc062723c751e8b465ee728b)
Start importing Assets/Sprites/bellow/bellowOff.png using Guid(b44f0aaa893bf3047816e30f52d1a684) Importer(815301076,1909f56bfc062723c751e8b465ee728b)  -> (artifact id: '6731ef20b7a22e60b44c2e167eab07d2') in 0.015924 seconds 
  Import took 0.019241 seconds .

========================================================================
Received Import Request.
  Time since last request: 0.000203 seconds.
  path: Assets/Sprites/bellow/bellowOn.png
  artifactKey: Guid(9a47e7b74342cda429324fca02c03bfd) Importer(815301076,1909f56bfc062723c751e8b465ee728b)
Start importing Assets/Sprites/bellow/bellowOn.png using Guid(9a47e7b74342cda429324fca02c03bfd) Importer(815301076,1909f56bfc062723c751e8b465ee728b)  -> (artifact id: 'e003be164da5a61ee3bcdf803c75da6e') in 0.019211 seconds 
  Import took 0.022158 seconds .

========================================================================
Received Import Request.
  Time since last request: 58.511910 seconds.
  path: Assets/Sprites/blueButton
  artifactKey: Guid(fb5832a37e922844192054c220850da9) Importer(815301076,1909f56bfc062723c751e8b465ee728b)
Start importing Assets/Sprites/blueButton using Guid(fb5832a37e922844192054c220850da9) Importer(815301076,1909f56bfc062723c751e8b465ee728b)  -> (artifact id: '6815590d7ce4646d2b20ee2b1addf396') in 0.006109 seconds 
  Import took 0.009272 seconds .

========================================================================
Received Import Request.
  Time since last request: 0.046956 seconds.
  path: Assets/Sprites/blueButton/blueButtonOff.png
  artifactKey: Guid(15c9a09d6dd9ab74482e5a51d1c269aa) Importer(815301076,1909f56bfc062723c751e8b465ee728b)
Start importing Assets/Sprites/blueButton/blueButtonOff.png using Guid(15c9a09d6dd9ab74482e5a51d1c269aa) Importer(815301076,1909f56bfc062723c751e8b465ee728b)  -> (artifact id: 'c49af1cc504e9296af05d53de7904885') in 0.026257 seconds 
  Import took 0.029755 seconds .

========================================================================
Received Import Request.
  Time since last request: 0.000257 seconds.
  path: Assets/Sprites/blueButton/blueButtonOn.png
  artifactKey: Guid(3b599dba6e89b7143b8229ad83f91342) Importer(815301076,1909f56bfc062723c751e8b465ee728b)
Start importing Assets/Sprites/blueButton/blueButtonOn.png using Guid(3b599dba6e89b7143b8229ad83f91342) Importer(815301076,1909f56bfc062723c751e8b465ee728b)  -> (artifact id: 'b37db22fc5575f162248e82f759726f1') in 0.021517 seconds 
  Import took 0.024465 seconds .

========================================================================
Received Import Request.
  Time since last request: 0.005115 seconds.
  path: Assets/Sprites/blueButton/blueButtonOn.png
  artifactKey: Guid(3b599dba6e89b7143b8229ad83f91342) Importer(815301076,1909f56bfc062723c751e8b465ee728b)
Start importing Assets/Sprites/blueButton/blueButtonOn.png using Guid(3b599dba6e89b7143b8229ad83f91342) Importer(815301076,1909f56bfc062723c751e8b465ee728b)  -> (artifact id: 'b37db22fc5575f162248e82f759726f1') in 0.026612 seconds 
  Import took 0.029816 seconds .

========================================================================
Received Import Request.
  Time since last request: 74.622466 seconds.
  path: ProjectSettings/TagManager.asset
  artifactKey: Guid(00000000000000003000000000000000) Importer(815301076,1909f56bfc062723c751e8b465ee728b)
Start importing ProjectSettings/TagManager.asset using Guid(00000000000000003000000000000000) Importer(815301076,1909f56bfc062723c751e8b465ee728b)  -> (artifact id: '95df672b4aaba54310d34c83eef51bb8') in 0.008917 seconds 
  Import took 0.012010 seconds .

========================================================================
Received Import Request.
  Time since last request: 60.296476 seconds.
  path: Assets/Sprites/blueCable
  artifactKey: Guid(caf941521b11ea44eadf127787efa6d2) Importer(815301076,1909f56bfc062723c751e8b465ee728b)
Start importing Assets/Sprites/blueCable using Guid(caf941521b11ea44eadf127787efa6d2) Importer(815301076,1909f56bfc062723c751e8b465ee728b)  -> (artifact id: 'caf19766290a736139b56f8404694503') in 0.006668 seconds 
  Import took 0.009831 seconds .

========================================================================
Received Import Request.
  Time since last request: 0.001310 seconds.
  path: Assets/Sprites/blueCable
  artifactKey: Guid(caf941521b11ea44eadf127787efa6d2) Importer(815301076,1909f56bfc062723c751e8b465ee728b)
Start importing Assets/Sprites/blueCable using Guid(caf941521b11ea44eadf127787efa6d2) Importer(815301076,1909f56bfc062723c751e8b465ee728b)  -> (artifact id: 'caf19766290a736139b56f8404694503') in 0.002421 seconds 
  Import took 0.005234 seconds .

========================================================================
Received Import Request.
  Time since last request: 0.037266 seconds.
  path: Assets/Sprites/blueCable/blueCableCut.png
  artifactKey: Guid(6fda97bd3a63ada4aa554f21e598ada5) Importer(815301076,1909f56bfc062723c751e8b465ee728b)
Start importing Assets/Sprites/blueCable/blueCableCut.png using Guid(6fda97bd3a63ada4aa554f21e598ada5) Importer(815301076,1909f56bfc062723c751e8b465ee728b)  -> (artifact id: '3831ce616f9feb2717acb620694b43ae') in 0.023554 seconds 
  Import took 0.026535 seconds .

========================================================================
Received Import Request.
  Time since last request: 0.000202 seconds.
  path: Assets/Sprites/blueCable/blueCableGood.png
  artifactKey: Guid(0e53b17c68608ba4b8da24d12476babd) Importer(815301076,1909f56bfc062723c751e8b465ee728b)
Start importing Assets/Sprites/blueCable/blueCableGood.png using Guid(0e53b17c68608ba4b8da24d12476babd) Importer(815301076,1909f56bfc062723c751e8b465ee728b)  -> (artifact id: '70df1c38a548a17fd8a537dabed7da7f') in 0.020899 seconds 
  Import took 0.023766 seconds .

========================================================================
Received Import Request.
  Time since last request: 35.115382 seconds.
  path: Assets/Sprites/greenButton
  artifactKey: Guid(08f0519fefdbb3d429aae0df6da8fa13) Importer(815301076,1909f56bfc062723c751e8b465ee728b)
Start importing Assets/Sprites/greenButton using Guid(08f0519fefdbb3d429aae0df6da8fa13) Importer(815301076,1909f56bfc062723c751e8b465ee728b)  -> (artifact id: '6387f160ecf0d734dd79145ad7288c88') in 0.005790 seconds 
  Import took 0.008944 seconds .

========================================================================
Received Import Request.
  Time since last request: 0.042063 seconds.
  path: Assets/Sprites/greenButton/greenButtonOff.png
  artifactKey: Guid(1f379036d7c73d0498566acfd699a56f) Importer(815301076,1909f56bfc062723c751e8b465ee728b)
Start importing Assets/Sprites/greenButton/greenButtonOff.png using Guid(1f379036d7c73d0498566acfd699a56f) Importer(815301076,1909f56bfc062723c751e8b465ee728b)  -> (artifact id: 'ec9efe422ffb0983eefdc69c4e3a1182') in 0.023044 seconds 
  Import took 0.026404 seconds .

========================================================================
Received Import Request.
  Time since last request: 0.000212 seconds.
  path: Assets/Sprites/greenButton/greenButtonOn.png
  artifactKey: Guid(cf6f68d4f7f388149aa6f8e2e43301dd) Importer(815301076,1909f56bfc062723c751e8b465ee728b)
Start importing Assets/Sprites/greenButton/greenButtonOn.png using Guid(cf6f68d4f7f388149aa6f8e2e43301dd) Importer(815301076,1909f56bfc062723c751e8b465ee728b)  -> (artifact id: 'cbf82e8e209850b44d7bcee9aff0b103') in 0.024618 seconds 
  Import took 0.028411 seconds .

========================================================================
Received Import Request.
  Time since last request: 0.005328 seconds.
  path: Assets/Sprites/greenButton/greenButtonOn.png
  artifactKey: Guid(cf6f68d4f7f388149aa6f8e2e43301dd) Importer(815301076,1909f56bfc062723c751e8b465ee728b)
Start importing Assets/Sprites/greenButton/greenButtonOn.png using Guid(cf6f68d4f7f388149aa6f8e2e43301dd) Importer(815301076,1909f56bfc062723c751e8b465ee728b)  -> (artifact id: 'cbf82e8e209850b44d7bcee9aff0b103') in 0.030442 seconds 
  Import took 0.034755 seconds .

========================================================================
Received Import Request.
  Time since last request: 36.973295 seconds.
  path: Assets/Sprites/redButton
  artifactKey: Guid(3c405e1225818f84e9a055650d915216) Importer(815301076,1909f56bfc062723c751e8b465ee728b)
Start importing Assets/Sprites/redButton using Guid(3c405e1225818f84e9a055650d915216) Importer(815301076,1909f56bfc062723c751e8b465ee728b)  -> (artifact id: '759e0478b0b60e4537673d33c0592275') in 0.008923 seconds 
  Import took 0.012358 seconds .

========================================================================
Received Import Request.
  Time since last request: 0.048970 seconds.
  path: Assets/Sprites/redButton/redButtonOff.png
  artifactKey: Guid(bda2c1523d7f74b4f93b061e31628887) Importer(815301076,1909f56bfc062723c751e8b465ee728b)
Start importing Assets/Sprites/redButton/redButtonOff.png using Guid(bda2c1523d7f74b4f93b061e31628887) Importer(815301076,1909f56bfc062723c751e8b465ee728b)  -> (artifact id: 'f3879aae74e2a040e214c921fc5f581d') in 0.021347 seconds 
  Import took 0.025590 seconds .

========================================================================
Received Import Request.
  Time since last request: 0.000130 seconds.
  path: Assets/Sprites/redButton/redButtonOn.png
  artifactKey: Guid(4b19987caf9de1f4cb7aa03f7f4e125e) Importer(815301076,1909f56bfc062723c751e8b465ee728b)
Start importing Assets/Sprites/redButton/redButtonOn.png using Guid(4b19987caf9de1f4cb7aa03f7f4e125e) Importer(815301076,1909f56bfc062723c751e8b465ee728b)  -> (artifact id: '766e2aea9ed9274b45b9eb3c5df8f2e6') in 0.017004 seconds 
  Import took 0.019878 seconds .

========================================================================
Received Prepare
Registering precompiled user dll's ...
Registered in 0.003158 seconds.
Begin MonoManager ReloadAssembly
Native extension for WindowsStandalone target not found
Refreshing native plugins compatible for Editor in 0.42 ms, found 3 plugins.
Preloading 0 native plugins for Editor in 0.00 ms.
Mono: successfully reloaded assembly
- Completed reload, in  1.110 seconds
Domain Reload Profiling:
	ReloadAssembly (1111ms)
		BeginReloadAssembly (133ms)
			ExecutionOrderSort (0ms)
			DisableScriptedObjects (7ms)
			BackupInstance (0ms)
			ReleaseScriptingObjects (0ms)
			CreateAndSetChildDomain (49ms)
		EndReloadAssembly (919ms)
			LoadAssemblies (90ms)
			RebuildTransferFunctionScriptingTraits (0ms)
			SetupTypeCache (297ms)
			ReleaseScriptCaches (1ms)
			RebuildScriptCaches (48ms)
			SetupLoadedEditorAssemblies (375ms)
				LogAssemblyErrors (0ms)
				InitializePlatformSupportModulesInManaged (6ms)
				SetLoadedEditorAssemblies (1ms)
				RefreshPlugins (0ms)
				BeforeProcessingInitializeOnLoad (91ms)
				ProcessInitializeOnLoadAttributes (265ms)
				ProcessInitializeOnLoadMethodAttributes (7ms)
				AfterProcessingInitializeOnLoad (5ms)
				EditorAssembliesLoaded (0ms)
			ExecutionOrderSort2 (0ms)
			AwakeInstancesAfterBackupRestoration (11ms)
Platform modules already initialized, skipping
Refreshing native plugins compatible for Editor in 0.41 ms, found 3 plugins.
Preloading 0 native plugins for Editor in 0.00 ms.
Unloading 2081 Unused Serialized files (Serialized files now loaded: 0)
System memory in use before: 95.4 MB.
System memory in use after: 95.5 MB.

Unloading 17 unused Assets to reduce memory usage. Loaded Objects now: 2537.
Total: 2.683300 ms (FindLiveObjects: 0.228900 ms CreateObjectMapping: 0.079300 ms MarkObjects: 2.357500 ms  DeleteObjects: 0.016800 ms)

AssetImportParameters requested are different than current active one (requested -> active):
  custom:framework-win-MediaFoundation: 216162199b28c13a410421893ffa2e32 -> 
  custom:video-decoder-ogg-theora: a1e56fd34408186e4bbccfd4996cb3dc -> 
  custom:container-muxer-webm: aa71ff27fc2769a1b78a27578f13a17b -> 
  custom:container-demuxer-webm: 4f35f7cbe854078d1ac9338744f61a02 -> 
  custom:container-demuxer-ogg: 62fdf1f143b41e24485cea50d1cbac27 -> 
  custom:video-encoder-webm-vp8: eb34c28f22e8b96e1ab97ce403110664 -> 
  custom:video-codec-MediaFoundation-h265: 746d11721c4dcdbdad8f713fa42b33f4 -> 
  custom:video-decoder-webm-vp8: 9c59270c3fd7afecdb556c50c9e8de78 -> 
  custom:audio-decoder-ogg-vorbis: bf7c407c2cedff20999df2af8eb42d56 -> 
  custom:audio-encoder-webm-vorbis: bf7c407c2cedff20999df2af8eb42d56 -> 
========================================================================
Received Import Request.
  Time since last request: 266.843432 seconds.
  path: Assets/Sprites/istockphoto-1205485088-612x612.jpg
  artifactKey: Guid(fc150a65441cd5146b3b3f0bf062ae6e) Importer(815301076,1909f56bfc062723c751e8b465ee728b)
Start importing Assets/Sprites/istockphoto-1205485088-612x612.jpg using Guid(fc150a65441cd5146b3b3f0bf062ae6e) Importer(815301076,1909f56bfc062723c751e8b465ee728b)  -> (artifact id: '587927df354c302b09765576e0bf981f') in 0.057490 seconds 
  Import took 0.060789 seconds .

========================================================================
Received Import Request.
  Time since last request: 290.692662 seconds.
  path: Assets/Sprites/background.png
  artifactKey: Guid(4f6565e25cc6d05469305e0ebe7c01a7) Importer(815301076,1909f56bfc062723c751e8b465ee728b)
Start importing Assets/Sprites/background.png using Guid(4f6565e25cc6d05469305e0ebe7c01a7) Importer(815301076,1909f56bfc062723c751e8b465ee728b)  -> (artifact id: '42f18b15e915312e2426ece989bd0168') in 0.020761 seconds 
  Import took 0.026569 seconds .

========================================================================
Received Import Request.
  Time since last request: 0.000164 seconds.
  path: Assets/Sprites/background.psd
  artifactKey: Guid(6267c103301b07b4ba1da3f79fa2a5f4) Importer(815301076,1909f56bfc062723c751e8b465ee728b)
Start importing Assets/Sprites/background.psd using Guid(6267c103301b07b4ba1da3f79fa2a5f4) Importer(815301076,1909f56bfc062723c751e8b465ee728b)  -> (artifact id: '098fe9d650bf4b97bae39986325ed259') in 0.013888 seconds 
  Import took 0.016861 seconds .

========================================================================
Received Prepare
Registering precompiled user dll's ...
Registered in 0.003013 seconds.
Begin MonoManager ReloadAssembly
Native extension for WindowsStandalone target not found
Refreshing native plugins compatible for Editor in 0.50 ms, found 3 plugins.
Preloading 0 native plugins for Editor in 0.00 ms.
Mono: successfully reloaded assembly
- Completed reload, in  1.125 seconds
Domain Reload Profiling:
	ReloadAssembly (1126ms)
		BeginReloadAssembly (117ms)
			ExecutionOrderSort (0ms)
			DisableScriptedObjects (6ms)
			BackupInstance (0ms)
			ReleaseScriptingObjects (0ms)
			CreateAndSetChildDomain (35ms)
		EndReloadAssembly (937ms)
			LoadAssemblies (91ms)
			RebuildTransferFunctionScriptingTraits (0ms)
			SetupTypeCache (275ms)
			ReleaseScriptCaches (1ms)
			RebuildScriptCaches (71ms)
			SetupLoadedEditorAssemblies (397ms)
				LogAssemblyErrors (0ms)
				InitializePlatformSupportModulesInManaged (5ms)
				SetLoadedEditorAssemblies (0ms)
				RefreshPlugins (1ms)
				BeforeProcessingInitializeOnLoad (98ms)
				ProcessInitializeOnLoadAttributes (281ms)
				ProcessInitializeOnLoadMethodAttributes (6ms)
				AfterProcessingInitializeOnLoad (5ms)
				EditorAssembliesLoaded (0ms)
			ExecutionOrderSort2 (0ms)
			AwakeInstancesAfterBackupRestoration (10ms)
Platform modules already initialized, skipping
Refreshing native plugins compatible for Editor in 0.41 ms, found 3 plugins.
Preloading 0 native plugins for Editor in 0.00 ms.
Unloading 2081 Unused Serialized files (Serialized files now loaded: 0)
System memory in use before: 95.5 MB.
System memory in use after: 95.6 MB.

Unloading 16 unused Assets to reduce memory usage. Loaded Objects now: 2543.
Total: 2.510500 ms (FindLiveObjects: 0.185200 ms CreateObjectMapping: 0.078700 ms MarkObjects: 2.230200 ms  DeleteObjects: 0.015300 ms)

AssetImportParameters requested are different than current active one (requested -> active):
  custom:framework-win-MediaFoundation: 216162199b28c13a410421893ffa2e32 -> 
  custom:video-decoder-ogg-theora: a1e56fd34408186e4bbccfd4996cb3dc -> 
  custom:container-muxer-webm: aa71ff27fc2769a1b78a27578f13a17b -> 
  custom:container-demuxer-webm: 4f35f7cbe854078d1ac9338744f61a02 -> 
  custom:container-demuxer-ogg: 62fdf1f143b41e24485cea50d1cbac27 -> 
  custom:video-encoder-webm-vp8: eb34c28f22e8b96e1ab97ce403110664 -> 
  custom:video-codec-MediaFoundation-h265: 746d11721c4dcdbdad8f713fa42b33f4 -> 
  custom:video-decoder-webm-vp8: 9c59270c3fd7afecdb556c50c9e8de78 -> 
  custom:audio-decoder-ogg-vorbis: bf7c407c2cedff20999df2af8eb42d56 -> 
  custom:audio-encoder-webm-vorbis: bf7c407c2cedff20999df2af8eb42d56 -> 
========================================================================
Received Prepare
Registering precompiled user dll's ...
Registered in 0.003050 seconds.
Begin MonoManager ReloadAssembly
Native extension for WindowsStandalone target not found
Refreshing native plugins compatible for Editor in 0.42 ms, found 3 plugins.
Preloading 0 native plugins for Editor in 0.00 ms.
Mono: successfully reloaded assembly
- Completed reload, in  1.175 seconds
Domain Reload Profiling:
	ReloadAssembly (1175ms)
		BeginReloadAssembly (107ms)
			ExecutionOrderSort (0ms)
			DisableScriptedObjects (6ms)
			BackupInstance (0ms)
			ReleaseScriptingObjects (0ms)
			CreateAndSetChildDomain (32ms)
		EndReloadAssembly (991ms)
			LoadAssemblies (88ms)
			RebuildTransferFunctionScriptingTraits (0ms)
			SetupTypeCache (318ms)
			ReleaseScriptCaches (1ms)
			RebuildScriptCaches (56ms)
			SetupLoadedEditorAssemblies (419ms)
				LogAssemblyErrors (0ms)
				InitializePlatformSupportModulesInManaged (5ms)
				SetLoadedEditorAssemblies (0ms)
				RefreshPlugins (0ms)
				BeforeProcessingInitializeOnLoad (121ms)
				ProcessInitializeOnLoadAttributes (281ms)
				ProcessInitializeOnLoadMethodAttributes (6ms)
				AfterProcessingInitializeOnLoad (5ms)
				EditorAssembliesLoaded (0ms)
			ExecutionOrderSort2 (0ms)
			AwakeInstancesAfterBackupRestoration (11ms)
Platform modules already initialized, skipping
Refreshing native plugins compatible for Editor in 0.43 ms, found 3 plugins.
Preloading 0 native plugins for Editor in 0.00 ms.
Unloading 2081 Unused Serialized files (Serialized files now loaded: 0)
System memory in use before: 95.5 MB.
System memory in use after: 95.6 MB.

Unloading 16 unused Assets to reduce memory usage. Loaded Objects now: 2546.
Total: 3.937300 ms (FindLiveObjects: 0.315100 ms CreateObjectMapping: 0.142500 ms MarkObjects: 3.434600 ms  DeleteObjects: 0.043900 ms)

AssetImportParameters requested are different than current active one (requested -> active):
  custom:framework-win-MediaFoundation: 216162199b28c13a410421893ffa2e32 -> 
  custom:video-decoder-ogg-theora: a1e56fd34408186e4bbccfd4996cb3dc -> 
  custom:container-muxer-webm: aa71ff27fc2769a1b78a27578f13a17b -> 
  custom:container-demuxer-webm: 4f35f7cbe854078d1ac9338744f61a02 -> 
  custom:container-demuxer-ogg: 62fdf1f143b41e24485cea50d1cbac27 -> 
  custom:video-encoder-webm-vp8: eb34c28f22e8b96e1ab97ce403110664 -> 
  custom:video-codec-MediaFoundation-h265: 746d11721c4dcdbdad8f713fa42b33f4 -> 
  custom:video-decoder-webm-vp8: 9c59270c3fd7afecdb556c50c9e8de78 -> 
  custom:audio-decoder-ogg-vorbis: bf7c407c2cedff20999df2af8eb42d56 -> 
  custom:audio-encoder-webm-vorbis: bf7c407c2cedff20999df2af8eb42d56 -> 
========================================================================
Received Prepare
Registering precompiled user dll's ...
Registered in 0.003542 seconds.
Begin MonoManager ReloadAssembly
Native extension for WindowsStandalone target not found
Refreshing native plugins compatible for Editor in 0.79 ms, found 3 plugins.
Preloading 0 native plugins for Editor in 0.00 ms.
Mono: successfully reloaded assembly
- Completed reload, in  1.212 seconds
Domain Reload Profiling:
	ReloadAssembly (1213ms)
		BeginReloadAssembly (133ms)
			ExecutionOrderSort (0ms)
			DisableScriptedObjects (6ms)
			BackupInstance (0ms)
			ReleaseScriptingObjects (0ms)
			CreateAndSetChildDomain (43ms)
		EndReloadAssembly (1005ms)
			LoadAssemblies (93ms)
			RebuildTransferFunctionScriptingTraits (0ms)
			SetupTypeCache (322ms)
			ReleaseScriptCaches (2ms)
			RebuildScriptCaches (51ms)
			SetupLoadedEditorAssemblies (422ms)
				LogAssemblyErrors (0ms)
				InitializePlatformSupportModulesInManaged (6ms)
				SetLoadedEditorAssemblies (0ms)
				RefreshPlugins (1ms)
				BeforeProcessingInitializeOnLoad (114ms)
				ProcessInitializeOnLoadAttributes (289ms)
				ProcessInitializeOnLoadMethodAttributes (6ms)
				AfterProcessingInitializeOnLoad (5ms)
				EditorAssembliesLoaded (0ms)
			ExecutionOrderSort2 (0ms)
			AwakeInstancesAfterBackupRestoration (10ms)
Platform modules already initialized, skipping
Refreshing native plugins compatible for Editor in 0.42 ms, found 3 plugins.
Preloading 0 native plugins for Editor in 0.00 ms.
Unloading 2081 Unused Serialized files (Serialized files now loaded: 0)
System memory in use before: 95.5 MB.
System memory in use after: 95.6 MB.

Unloading 16 unused Assets to reduce memory usage. Loaded Objects now: 2549.
Total: 3.995600 ms (FindLiveObjects: 0.320600 ms CreateObjectMapping: 0.137900 ms MarkObjects: 3.484600 ms  DeleteObjects: 0.051400 ms)

AssetImportParameters requested are different than current active one (requested -> active):
  custom:framework-win-MediaFoundation: 216162199b28c13a410421893ffa2e32 -> 
  custom:video-decoder-ogg-theora: a1e56fd34408186e4bbccfd4996cb3dc -> 
  custom:container-muxer-webm: aa71ff27fc2769a1b78a27578f13a17b -> 
  custom:container-demuxer-webm: 4f35f7cbe854078d1ac9338744f61a02 -> 
  custom:container-demuxer-ogg: 62fdf1f143b41e24485cea50d1cbac27 -> 
  custom:video-encoder-webm-vp8: eb34c28f22e8b96e1ab97ce403110664 -> 
  custom:video-codec-MediaFoundation-h265: 746d11721c4dcdbdad8f713fa42b33f4 -> 
  custom:video-decoder-webm-vp8: 9c59270c3fd7afecdb556c50c9e8de78 -> 
  custom:audio-decoder-ogg-vorbis: bf7c407c2cedff20999df2af8eb42d56 -> 
  custom:audio-encoder-webm-vorbis: bf7c407c2cedff20999df2af8eb42d56 -> 
========================================================================
Received Import Request.
  Time since last request: 113.211851 seconds.
  path: Assets/Sprites/redSwitch
  artifactKey: Guid(05bdc9b5e3217c44e9f0d3b49acb0e6d) Importer(815301076,1909f56bfc062723c751e8b465ee728b)
Start importing Assets/Sprites/redSwitch using Guid(05bdc9b5e3217c44e9f0d3b49acb0e6d) Importer(815301076,1909f56bfc062723c751e8b465ee728b)  -> (artifact id: '010d6d4141cf705b924fa2181413f66e') in 0.008735 seconds 
  Import took 0.011782 seconds .

========================================================================
Received Import Request.
  Time since last request: 0.056273 seconds.
  path: Assets/Sprites/redSwitch/redSwitchOff.png
  artifactKey: Guid(69edc20209543d84cb6b233ba3189318) Importer(815301076,1909f56bfc062723c751e8b465ee728b)
Start importing Assets/Sprites/redSwitch/redSwitchOff.png using Guid(69edc20209543d84cb6b233ba3189318) Importer(815301076,1909f56bfc062723c751e8b465ee728b)  -> (artifact id: 'bb7364af280b1152698b9afbc77ea797') in 0.058819 seconds 
  Import took 0.062557 seconds .

========================================================================
Received Import Request.
  Time since last request: 0.000249 seconds.
  path: Assets/Sprites/redSwitch/redSwitchOn.png
  artifactKey: Guid(b16a05593810eba48b245ee8a4be196b) Importer(815301076,1909f56bfc062723c751e8b465ee728b)
Start importing Assets/Sprites/redSwitch/redSwitchOn.png using Guid(b16a05593810eba48b245ee8a4be196b) Importer(815301076,1909f56bfc062723c751e8b465ee728b)  -> (artifact id: 'e125089de2a29d3b454c3b895cabeb91') in 0.016678 seconds 
  Import took 0.019723 seconds .

========================================================================
Received Import Request.
  Time since last request: 54.446391 seconds.
  path: Assets/Sprites/blueSwitch
  artifactKey: Guid(f9c060328717d074c9f6cc1e5813752b) Importer(815301076,1909f56bfc062723c751e8b465ee728b)
Start importing Assets/Sprites/blueSwitch using Guid(f9c060328717d074c9f6cc1e5813752b) Importer(815301076,1909f56bfc062723c751e8b465ee728b)  -> (artifact id: '7862b7637e505d14ed04f3be7aef9e0a') in 0.006993 seconds 
  Import took 0.009977 seconds .

========================================================================
Received Import Request.
  Time since last request: 0.045266 seconds.
  path: Assets/Sprites/blueSwitch/blueSwitchOff.png
  artifactKey: Guid(6307f7821510ca44fbf3502bd235590a) Importer(815301076,1909f56bfc062723c751e8b465ee728b)
Start importing Assets/Sprites/blueSwitch/blueSwitchOff.png using Guid(6307f7821510ca44fbf3502bd235590a) Importer(815301076,1909f56bfc062723c751e8b465ee728b)  -> (artifact id: '3405aec4c5973508b10f40021f1cc643') in 0.023438 seconds 
  Import took 0.027668 seconds .

========================================================================
Received Import Request.
  Time since last request: 0.000174 seconds.
  path: Assets/Sprites/blueSwitch/blueSwitchOn.png
  artifactKey: Guid(b27974503774c62439b73b01409fd4cb) Importer(815301076,1909f56bfc062723c751e8b465ee728b)
Start importing Assets/Sprites/blueSwitch/blueSwitchOn.png using Guid(b27974503774c62439b73b01409fd4cb) Importer(815301076,1909f56bfc062723c751e8b465ee728b)  -> (artifact id: '5d8b88cf99615f27d80b8f73efa45bc8') in 0.022428 seconds 
  Import took 0.025373 seconds .

========================================================================
Received Import Request.
  Time since last request: 75.193593 seconds.
  path: Assets/Scenes
  artifactKey: Guid(e5ef273680b0b164482df5133e86ab83) Importer(815301076,1909f56bfc062723c751e8b465ee728b)
Start importing Assets/Scenes using Guid(e5ef273680b0b164482df5133e86ab83) Importer(815301076,1909f56bfc062723c751e8b465ee728b)  -> (artifact id: 'c69673c116e9cfc40c6eed054a81c890') in 0.005873 seconds 
  Import took 0.009060 seconds .

========================================================================
Received Import Request.
  Time since last request: 18.063117 seconds.
  path: Assets/Sprites/greenCable
  artifactKey: Guid(17b28a84946168041a9663e676b848a6) Importer(815301076,1909f56bfc062723c751e8b465ee728b)
Start importing Assets/Sprites/greenCable using Guid(17b28a84946168041a9663e676b848a6) Importer(815301076,1909f56bfc062723c751e8b465ee728b)  -> (artifact id: '7d22f6eb71ea4e861dd2b60d2b8f5b7c') in 0.006560 seconds 
  Import took 0.009683 seconds .

========================================================================
Received Import Request.
  Time since last request: 0.070868 seconds.
  path: Assets/Sprites/greenCable/cableGreenCut.png
  artifactKey: Guid(9f99c0883866cd7468d62ba6ca16f266) Importer(815301076,1909f56bfc062723c751e8b465ee728b)
Start importing Assets/Sprites/greenCable/cableGreenCut.png using Guid(9f99c0883866cd7468d62ba6ca16f266) Importer(815301076,1909f56bfc062723c751e8b465ee728b)  -> (artifact id: '3e920b2fe7f2b3ec7cb59cb1da5a47b9') in 0.025536 seconds 
  Import took 0.028950 seconds .

========================================================================
Received Import Request.
  Time since last request: 0.000206 seconds.
  path: Assets/Sprites/greenCable/cableGreenGood.png
  artifactKey: Guid(327123e0bf30e154c9e0d36f4b7432fa) Importer(815301076,1909f56bfc062723c751e8b465ee728b)
Start importing Assets/Sprites/greenCable/cableGreenGood.png using Guid(327123e0bf30e154c9e0d36f4b7432fa) Importer(815301076,1909f56bfc062723c751e8b465ee728b)  -> (artifact id: '98d518d9b024667bd3b13be85170afc5') in 0.032043 seconds 
  Import took 0.034973 seconds .

========================================================================
Received Prepare
Registering precompiled user dll's ...
Registered in 0.004353 seconds.
Begin MonoManager ReloadAssembly
Native extension for WindowsStandalone target not found
Refreshing native plugins compatible for Editor in 0.48 ms, found 3 plugins.
Preloading 0 native plugins for Editor in 0.00 ms.
Mono: successfully reloaded assembly
- Completed reload, in  1.055 seconds
Domain Reload Profiling:
	ReloadAssembly (1056ms)
		BeginReloadAssembly (118ms)
			ExecutionOrderSort (0ms)
			DisableScriptedObjects (6ms)
			BackupInstance (0ms)
			ReleaseScriptingObjects (0ms)
			CreateAndSetChildDomain (42ms)
		EndReloadAssembly (874ms)
			LoadAssemblies (89ms)
			RebuildTransferFunctionScriptingTraits (0ms)
			SetupTypeCache (282ms)
			ReleaseScriptCaches (1ms)
			RebuildScriptCaches (46ms)
			SetupLoadedEditorAssemblies (363ms)
				LogAssemblyErrors (0ms)
				InitializePlatformSupportModulesInManaged (5ms)
				SetLoadedEditorAssemblies (0ms)
				RefreshPlugins (1ms)
				BeforeProcessingInitializeOnLoad (87ms)
				ProcessInitializeOnLoadAttributes (258ms)
				ProcessInitializeOnLoadMethodAttributes (5ms)
				AfterProcessingInitializeOnLoad (6ms)
				EditorAssembliesLoaded (0ms)
			ExecutionOrderSort2 (0ms)
			AwakeInstancesAfterBackupRestoration (11ms)
Platform modules already initialized, skipping
Refreshing native plugins compatible for Editor in 0.65 ms, found 3 plugins.
Preloading 0 native plugins for Editor in 0.00 ms.
Unloading 2081 Unused Serialized files (Serialized files now loaded: 0)
System memory in use before: 95.5 MB.
System memory in use after: 95.6 MB.

Unloading 16 unused Assets to reduce memory usage. Loaded Objects now: 2553.
Total: 3.124200 ms (FindLiveObjects: 0.332000 ms CreateObjectMapping: 0.126000 ms MarkObjects: 2.648500 ms  DeleteObjects: 0.016700 ms)

AssetImportParameters requested are different than current active one (requested -> active):
  custom:framework-win-MediaFoundation: 216162199b28c13a410421893ffa2e32 -> 
  custom:video-decoder-ogg-theora: a1e56fd34408186e4bbccfd4996cb3dc -> 
  custom:container-muxer-webm: aa71ff27fc2769a1b78a27578f13a17b -> 
  custom:container-demuxer-webm: 4f35f7cbe854078d1ac9338744f61a02 -> 
  custom:container-demuxer-ogg: 62fdf1f143b41e24485cea50d1cbac27 -> 
  custom:video-encoder-webm-vp8: eb34c28f22e8b96e1ab97ce403110664 -> 
  custom:video-codec-MediaFoundation-h265: 746d11721c4dcdbdad8f713fa42b33f4 -> 
  custom:video-decoder-webm-vp8: 9c59270c3fd7afecdb556c50c9e8de78 -> 
  custom:audio-decoder-ogg-vorbis: bf7c407c2cedff20999df2af8eb42d56 -> 
  custom:audio-encoder-webm-vorbis: bf7c407c2cedff20999df2af8eb42d56 -> 
========================================================================
Received Import Request.
  Time since last request: 174.552492 seconds.
  path: Assets/Sprites/needle.png
  artifactKey: Guid(b658fed4309924f4788dc022be2a4f9a) Importer(815301076,1909f56bfc062723c751e8b465ee728b)
Start importing Assets/Sprites/needle.png using Guid(b658fed4309924f4788dc022be2a4f9a) Importer(815301076,1909f56bfc062723c751e8b465ee728b)  -> (artifact id: '0375189cdebb4c8880d40dcda4a3ab03') in 0.062162 seconds 
  Import took 0.065945 seconds .

========================================================================
Received Import Request.
  Time since last request: 90.732006 seconds.
  path: Assets/Sprites/needle.png
  artifactKey: Guid(b658fed4309924f4788dc022be2a4f9a) Importer(815301076,1909f56bfc062723c751e8b465ee728b)
Start importing Assets/Sprites/needle.png using Guid(b658fed4309924f4788dc022be2a4f9a) Importer(815301076,1909f56bfc062723c751e8b465ee728b)  -> (artifact id: '9b39b13bc837522592a56c1e6df99ed9') in 0.017813 seconds 
  Import took 0.020950 seconds .

========================================================================
Received Prepare
Registering precompiled user dll's ...
Registered in 0.003136 seconds.
Begin MonoManager ReloadAssembly
Native extension for WindowsStandalone target not found
Refreshing native plugins compatible for Editor in 0.41 ms, found 3 plugins.
Preloading 0 native plugins for Editor in 0.00 ms.
Mono: successfully reloaded assembly
- Completed reload, in  1.033 seconds
Domain Reload Profiling:
	ReloadAssembly (1033ms)
		BeginReloadAssembly (118ms)
			ExecutionOrderSort (0ms)
			DisableScriptedObjects (8ms)
			BackupInstance (0ms)
			ReleaseScriptingObjects (0ms)
			CreateAndSetChildDomain (34ms)
		EndReloadAssembly (854ms)
			LoadAssemblies (75ms)
			RebuildTransferFunctionScriptingTraits (0ms)
			SetupTypeCache (267ms)
			ReleaseScriptCaches (1ms)
			RebuildScriptCaches (50ms)
			SetupLoadedEditorAssemblies (358ms)
				LogAssemblyErrors (0ms)
				InitializePlatformSupportModulesInManaged (5ms)
				SetLoadedEditorAssemblies (0ms)
				RefreshPlugins (0ms)
				BeforeProcessingInitializeOnLoad (91ms)
				ProcessInitializeOnLoadAttributes (251ms)
				ProcessInitializeOnLoadMethodAttributes (5ms)
				AfterProcessingInitializeOnLoad (5ms)
				EditorAssembliesLoaded (0ms)
			ExecutionOrderSort2 (0ms)
			AwakeInstancesAfterBackupRestoration (9ms)
Platform modules already initialized, skipping
Refreshing native plugins compatible for Editor in 0.41 ms, found 3 plugins.
Preloading 0 native plugins for Editor in 0.00 ms.
Unloading 2081 Unused Serialized files (Serialized files now loaded: 0)
System memory in use before: 95.5 MB.
System memory in use after: 95.7 MB.

Unloading 16 unused Assets to reduce memory usage. Loaded Objects now: 2557.
Total: 2.421400 ms (FindLiveObjects: 0.167600 ms CreateObjectMapping: 0.070200 ms MarkObjects: 2.169900 ms  DeleteObjects: 0.013200 ms)

AssetImportParameters requested are different than current active one (requested -> active):
  custom:framework-win-MediaFoundation: 216162199b28c13a410421893ffa2e32 -> 
  custom:video-decoder-ogg-theora: a1e56fd34408186e4bbccfd4996cb3dc -> 
  custom:container-muxer-webm: aa71ff27fc2769a1b78a27578f13a17b -> 
  custom:container-demuxer-webm: 4f35f7cbe854078d1ac9338744f61a02 -> 
  custom:container-demuxer-ogg: 62fdf1f143b41e24485cea50d1cbac27 -> 
  custom:video-encoder-webm-vp8: eb34c28f22e8b96e1ab97ce403110664 -> 
  custom:video-codec-MediaFoundation-h265: 746d11721c4dcdbdad8f713fa42b33f4 -> 
  custom:video-decoder-webm-vp8: 9c59270c3fd7afecdb556c50c9e8de78 -> 
  custom:audio-decoder-ogg-vorbis: bf7c407c2cedff20999df2af8eb42d56 -> 
  custom:audio-encoder-webm-vorbis: bf7c407c2cedff20999df2af8eb42d56 -> 
========================================================================
Received Prepare
Registering precompiled user dll's ...
Registered in 0.003219 seconds.
Begin MonoManager ReloadAssembly
Native extension for WindowsStandalone target not found
Refreshing native plugins compatible for Editor in 1.28 ms, found 3 plugins.
Preloading 0 native plugins for Editor in 0.00 ms.
Mono: successfully reloaded assembly
- Completed reload, in  1.240 seconds
Domain Reload Profiling:
	ReloadAssembly (1240ms)
		BeginReloadAssembly (117ms)
			ExecutionOrderSort (0ms)
			DisableScriptedObjects (10ms)
			BackupInstance (0ms)
			ReleaseScriptingObjects (0ms)
			CreateAndSetChildDomain (38ms)
		EndReloadAssembly (1058ms)
			LoadAssemblies (87ms)
			RebuildTransferFunctionScriptingTraits (0ms)
			SetupTypeCache (327ms)
			ReleaseScriptCaches (1ms)
			RebuildScriptCaches (58ms)
			SetupLoadedEditorAssemblies (452ms)
				LogAssemblyErrors (0ms)
				InitializePlatformSupportModulesInManaged (8ms)
				SetLoadedEditorAssemblies (1ms)
				RefreshPlugins (1ms)
				BeforeProcessingInitializeOnLoad (112ms)
				ProcessInitializeOnLoadAttributes (319ms)
				ProcessInitializeOnLoadMethodAttributes (6ms)
				AfterProcessingInitializeOnLoad (5ms)
				EditorAssembliesLoaded (0ms)
			ExecutionOrderSort2 (0ms)
			AwakeInstancesAfterBackupRestoration (12ms)
Platform modules already initialized, skipping
Refreshing native plugins compatible for Editor in 0.42 ms, found 3 plugins.
Preloading 0 native plugins for Editor in 0.00 ms.
Unloading 2081 Unused Serialized files (Serialized files now loaded: 0)
System memory in use before: 95.6 MB.
System memory in use after: 95.7 MB.

Unloading 16 unused Assets to reduce memory usage. Loaded Objects now: 2560.
Total: 2.602600 ms (FindLiveObjects: 0.175500 ms CreateObjectMapping: 0.076500 ms MarkObjects: 2.333200 ms  DeleteObjects: 0.016600 ms)

AssetImportParameters requested are different than current active one (requested -> active):
  custom:framework-win-MediaFoundation: 216162199b28c13a410421893ffa2e32 -> 
  custom:video-decoder-ogg-theora: a1e56fd34408186e4bbccfd4996cb3dc -> 
  custom:container-muxer-webm: aa71ff27fc2769a1b78a27578f13a17b -> 
  custom:container-demuxer-webm: 4f35f7cbe854078d1ac9338744f61a02 -> 
  custom:container-demuxer-ogg: 62fdf1f143b41e24485cea50d1cbac27 -> 
  custom:video-encoder-webm-vp8: eb34c28f22e8b96e1ab97ce403110664 -> 
  custom:video-codec-MediaFoundation-h265: 746d11721c4dcdbdad8f713fa42b33f4 -> 
  custom:video-decoder-webm-vp8: 9c59270c3fd7afecdb556c50c9e8de78 -> 
  custom:audio-decoder-ogg-vorbis: bf7c407c2cedff20999df2af8eb42d56 -> 
  custom:audio-encoder-webm-vorbis: bf7c407c2cedff20999df2af8eb42d56 -> 
========================================================================
Received Prepare
Registering precompiled user dll's ...
Registered in 0.004732 seconds.
Begin MonoManager ReloadAssembly
Native extension for WindowsStandalone target not found
Refreshing native plugins compatible for Editor in 0.45 ms, found 3 plugins.
Preloading 0 native plugins for Editor in 0.00 ms.
Mono: successfully reloaded assembly
- Completed reload, in  1.079 seconds
Domain Reload Profiling:
	ReloadAssembly (1079ms)
		BeginReloadAssembly (123ms)
			ExecutionOrderSort (0ms)
			DisableScriptedObjects (10ms)
			BackupInstance (0ms)
			ReleaseScriptingObjects (0ms)
			CreateAndSetChildDomain (40ms)
		EndReloadAssembly (899ms)
			LoadAssemblies (82ms)
			RebuildTransferFunctionScriptingTraits (0ms)
			SetupTypeCache (279ms)
			ReleaseScriptCaches (1ms)
			RebuildScriptCaches (53ms)
			SetupLoadedEditorAssemblies (376ms)
				LogAssemblyErrors (0ms)
				InitializePlatformSupportModulesInManaged (5ms)
				SetLoadedEditorAssemblies (0ms)
				RefreshPlugins (0ms)
				BeforeProcessingInitializeOnLoad (93ms)
				ProcessInitializeOnLoadAttributes (265ms)
				ProcessInitializeOnLoadMethodAttributes (6ms)
				AfterProcessingInitializeOnLoad (5ms)
				EditorAssembliesLoaded (0ms)
			ExecutionOrderSort2 (0ms)
			AwakeInstancesAfterBackupRestoration (10ms)
Platform modules already initialized, skipping
Refreshing native plugins compatible for Editor in 0.47 ms, found 3 plugins.
Preloading 0 native plugins for Editor in 0.00 ms.
Unloading 2081 Unused Serialized files (Serialized files now loaded: 0)
System memory in use before: 95.6 MB.
System memory in use after: 95.7 MB.

Unloading 16 unused Assets to reduce memory usage. Loaded Objects now: 2563.
Total: 2.609200 ms (FindLiveObjects: 0.204800 ms CreateObjectMapping: 0.079500 ms MarkObjects: 2.309200 ms  DeleteObjects: 0.014900 ms)

AssetImportParameters requested are different than current active one (requested -> active):
  custom:framework-win-MediaFoundation: 216162199b28c13a410421893ffa2e32 -> 
  custom:video-decoder-ogg-theora: a1e56fd34408186e4bbccfd4996cb3dc -> 
  custom:container-muxer-webm: aa71ff27fc2769a1b78a27578f13a17b -> 
  custom:container-demuxer-webm: 4f35f7cbe854078d1ac9338744f61a02 -> 
  custom:container-demuxer-ogg: 62fdf1f143b41e24485cea50d1cbac27 -> 
  custom:video-encoder-webm-vp8: eb34c28f22e8b96e1ab97ce403110664 -> 
  custom:video-codec-MediaFoundation-h265: 746d11721c4dcdbdad8f713fa42b33f4 -> 
  custom:video-decoder-webm-vp8: 9c59270c3fd7afecdb556c50c9e8de78 -> 
  custom:audio-decoder-ogg-vorbis: bf7c407c2cedff20999df2af8eb42d56 -> 
  custom:audio-encoder-webm-vorbis: bf7c407c2cedff20999df2af8eb42d56 -> 
AssetImportWorkerClient::OnTransportError - code=2 error=End of file
